# JRE version: OpenJDK Runtime Environment (8.0_202-b03) (build 1.8.0_202-release-1483-b03)
# Java VM: OpenJDK 64-Bit Server VM (25.202-b03 mixed mode windows-amd64 compressed oops)
Heap:
 PSYoungGen      total 235520K, used 181986K [0x00000000e0000000, 0x00000000f2100000, 0x0000000100000000)
  eden space 208384K, 74% used [0x00000000e0000000,0x00000000e9896b10,0x00000000ecb80000)
  from space 27136K, 94% used [0x00000000ee980000,0x00000000f02a1e88,0x00000000f0400000)
  to   space 30720K, 0% used [0x00000000ecb80000,0x00000000ecb80000,0x00000000ee980000)
 ParOldGen       total 137216K, used 53136K [0x00000000a0000000, 0x00000000a8600000, 0x00000000e0000000)
  object space 137216K, 38% used [0x00000000a0000000,0x00000000a33e4000,0x00000000a8600000)
 Metaspace       used 80261K, capacity 84540K, committed 84736K, reserved 1122304K
  class space    used 10628K, capacity 11411K, committed 11520K, reserved 1048576K
GC Heap History (10 events):
Event: 42.957 GC heap before
{Heap before GC invocations=23 (full 3):
 PSYoungGen      total 175616K, used 155787K [0x00000000e0000000, 0x00000000ed380000, 0x0000000100000000)
  eden space 148992K, 100% used [0x00000000e0000000,0x00000000e9180000,0x00000000e9180000)
  from space 26624K, 25% used [0x00000000e9180000,0x00000000e9822f88,0x00000000eab80000)
  to   space 25600K, 0% used [0x00000000eba80000,0x00000000eba80000,0x00000000ed380000)
 ParOldGen       total 137216K, used 50148K [0x00000000a0000000, 0x00000000a8600000, 0x00000000e0000000)
  object space 137216K, 36% used [0x00000000a0000000,0x00000000a30f91d0,0x00000000a8600000)
 Metaspace       used 75728K, capacity 79464K, committed 79744K, reserved 1118208K
  class space    used 10120K, capacity 10851K, committed 10880K, reserved 1048576K
Event: 43.120 GC heap after
Heap after GC invocations=23 (full 3):
 PSYoungGen      total 189952K, used 16520K [0x00000000e0000000, 0x00000000ed900000, 0x0000000100000000)
  eden space 164352K, 0% used [0x00000000e0000000,0x00000000e0000000,0x00000000ea080000)
  from space 25600K, 64% used [0x00000000eba80000,0x00000000ecaa2180,0x00000000ed380000)
  to   space 26624K, 0% used [0x00000000ea080000,0x00000000ea080000,0x00000000eba80000)
 ParOldGen       total 137216K, used 50156K [0x00000000a0000000, 0x00000000a8600000, 0x00000000e0000000)
  object space 137216K, 36% used [0x00000000a0000000,0x00000000a30fb1d0,0x00000000a8600000)
 Metaspace       used 75728K, capacity 79464K, committed 79744K, reserved 1118208K
  class space    used 10120K, capacity 10851K, committed 10880K, reserved 1048576K
}
Event: 44.561 GC heap before
{Heap before GC invocations=24 (full 3):
 PSYoungGen      total 189952K, used 180872K [0x00000000e0000000, 0x00000000ed900000, 0x0000000100000000)
  eden space 164352K, 100% used [0x00000000e0000000,0x00000000ea080000,0x00000000ea080000)
  from space 25600K, 64% used [0x00000000eba80000,0x00000000ecaa2180,0x00000000ed380000)
  to   space 26624K, 0% used [0x00000000ea080000,0x00000000ea080000,0x00000000eba80000)
 ParOldGen       total 137216K, used 51917K [0x00000000a0000000, 0x00000000a8600000, 0x00000000e0000000)
  object space 137216K, 37% used [0x00000000a0000000,0x00000000a32b3708,0x00000000a8600000)
 Metaspace       used 79365K, capacity 83592K, committed 83840K, reserved 1122304K
  class space    used 10590K, capacity 11367K, committed 11392K, reserved 1048576K
Event: 44.579 GC heap after
Heap after GC invocations=24 (full 3):
 PSYoungGen      total 190976K, used 15227K [0x00000000e0000000, 0x00000000ee800000, 0x0000000100000000)
  eden space 164352K, 0% used [0x00000000e0000000,0x00000000e0000000,0x00000000ea080000)
  from space 26624K, 57% used [0x00000000ea080000,0x00000000eaf5eca8,0x00000000eba80000)
  to   space 26624K, 0% used [0x00000000ece00000,0x00000000ece00000,0x00000000ee800000)
 ParOldGen       total 137216K, used 51925K [0x00000000a0000000, 0x00000000a8600000, 0x00000000e0000000)
  object space 137216K, 37% used [0x00000000a0000000,0x00000000a32b5708,0x00000000a8600000)
 Metaspace       used 79365K, capacity 83592K, committed 83840K, reserved 1122304K
  class space    used 10590K, capacity 11367K, committed 11392K, reserved 1048576K
}
Event: 45.197 GC heap before
{Heap before GC invocations=25 (full 3):
 PSYoungGen      total 190976K, used 179579K [0x00000000e0000000, 0x00000000ee800000, 0x0000000100000000)
  eden space 164352K, 100% used [0x00000000e0000000,0x00000000ea080000,0x00000000ea080000)
  from space 26624K, 57% used [0x00000000ea080000,0x00000000eaf5eca8,0x00000000eba80000)
  to   space 26624K, 0% used [0x00000000ece00000,0x00000000ece00000,0x00000000ee800000)
 ParOldGen       total 137216K, used 51928K [0x00000000a0000000, 0x00000000a8600000, 0x00000000e0000000)
  object space 137216K, 37% used [0x00000000a0000000,0x00000000a32b61d0,0x00000000a8600000)
 Metaspace       used 79412K, capacity 83598K, committed 83840K, reserved 1122304K
  class space    used 10592K, capacity 11368K, committed 11392K, reserved 1048576K
Event: 45.219 GC heap after
Heap after GC invocations=25 (full 3):
 PSYoungGen      total 210432K, used 16443K [0x00000000e0000000, 0x00000000eeb80000, 0x0000000100000000)
  eden space 183808K, 0% used [0x00000000e0000000,0x00000000e0000000,0x00000000eb380000)
  from space 26624K, 61% used [0x00000000ece00000,0x00000000ede0ef88,0x00000000ee800000)
  to   space 27136K, 0% used [0x00000000eb380000,0x00000000eb380000,0x00000000ece00000)
 ParOldGen       total 137216K, used 51936K [0x00000000a0000000, 0x00000000a8600000, 0x00000000e0000000)
  object space 137216K, 37% used [0x00000000a0000000,0x00000000a32b81d0,0x00000000a8600000)
 Metaspace       used 79412K, capacity 83598K, committed 83840K, reserved 1122304K
  class space    used 10592K, capacity 11368K, committed 11392K, reserved 1048576K
}
Event: 45.830 GC heap before
{Heap before GC invocations=26 (full 3):
 PSYoungGen      total 210432K, used 200251K [0x00000000e0000000, 0x00000000eeb80000, 0x0000000100000000)
  eden space 183808K, 100% used [0x00000000e0000000,0x00000000eb380000,0x00000000eb380000)
  from space 26624K, 61% used [0x00000000ece00000,0x00000000ede0ef88,0x00000000ee800000)
  to   space 27136K, 0% used [0x00000000eb380000,0x00000000eb380000,0x00000000ece00000)
 ParOldGen       total 137216K, used 53118K [0x00000000a0000000, 0x00000000a8600000, 0x00000000e0000000)
  object space 137216K, 38% used [0x00000000a0000000,0x00000000a33dfad8,0x00000000a8600000)
 Metaspace       used 79726K, capacity 83966K, committed 84224K, reserved 1122304K
  class space    used 10613K, capacity 11408K, committed 11520K, reserved 1048576K
Event: 45.856 GC heap after
Heap after GC invocations=26 (full 3):
 PSYoungGen      total 210944K, used 16063K [0x00000000e0000000, 0x00000000f0400000, 0x0000000100000000)
  eden space 183808K, 0% used [0x00000000e0000000,0x00000000e0000000,0x00000000eb380000)
  from space 27136K, 59% used [0x00000000eb380000,0x00000000ec32fe18,0x00000000ece00000)
  to   space 27136K, 0% used [0x00000000ee980000,0x00000000ee980000,0x00000000f0400000)
 ParOldGen       total 137216K, used 53126K [0x00000000a0000000, 0x00000000a8600000, 0x00000000e0000000)
  object space 137216K, 38% used [0x00000000a0000000,0x00000000a33e1ad8,0x00000000a8600000)
 Metaspace       used 79726K, capacity 83966K, committed 84224K, reserved 1122304K
  class space    used 10613K, capacity 11408K, committed 11520K, reserved 1048576K
}
Event: 46.383 GC heap before
{Heap before GC invocations=27 (full 3):
 PSYoungGen      total 210944K, used 199871K [0x00000000e0000000, 0x00000000f0400000, 0x0000000100000000)
  eden space 183808K, 100% used [0x00000000e0000000,0x00000000eb380000,0x00000000eb380000)
  from space 27136K, 59% used [0x00000000eb380000,0x00000000ec32fe18,0x00000000ece00000)
  to   space 27136K, 0% used [0x00000000ee980000,0x00000000ee980000,0x00000000f0400000)
 ParOldGen       total 137216K, used 53128K [0x00000000a0000000, 0x00000000a8600000, 0x00000000e0000000)
  object space 137216K, 38% used [0x00000000a0000000,0x00000000a33e2000,0x00000000a8600000)
 Metaspace       used 80173K, capacity 84462K, committed 84736K, reserved 1122304K
  class space    used 10628K, capacity 11410K, committed 11520K, reserved 1048576K
Event: 46.619 GC heap after
Heap after GC invocations=27 (full 3):
 PSYoungGen      total 235520K, used 25735K [0x00000000e0000000, 0x00000000f2100000, 0x0000000100000000)
  eden space 208384K, 0% used [0x00000000e0000000,0x00000000e0000000,0x00000000ecb80000)
  from space 27136K, 94% used [0x00000000ee980000,0x00000000f02a1e88,0x00000000f0400000)
  to   space 30720K, 0% used [0x00000000ecb80000,0x00000000ecb80000,0x00000000ee980000)
 ParOldGen       total 137216K, used 53136K [0x00000000a0000000, 0x00000000a8600000, 0x00000000e0000000)
  object space 137216K, 38% used [0x00000000a0000000,0x00000000a33e4000,0x00000000a8600000)
 Metaspace       used 80173K, capacity 84462K, committed 84736K, reserved 1122304K
  class space    used 10628K, capacity 11410K, committed 11520K, reserved 1048576K
}

